2024-08-16 15:01:02,746 [ 1] INFO  Unity: LoadingManager start
2024-08-16 15:01:05,818 [ 1] INFO  Unity: DataManager > DataManager()
2024-08-16 15:01:12,354 [ 1] INFO  Unity: UserLoginRequest::user :user001 psw:123
2024-08-16 15:01:12,355 [ 1] INFO  Unity: ConnectToServer() Start 
2024-08-16 15:01:12,355 [ 1] INFO  Unity: DoConnect
2024-08-16 15:01:12,357 [ 1] INFO  Unity: NetClient.DoConnect on 127.0.0.1:8000
2024-08-16 15:01:12,358 [ 1] INFO  Unity: Connect[0] to server 127.0.0.1:8000

2024-08-16 15:01:12,360 [ 1] INFO  Unity: LoadingMesager::OnGameServerConnect :0 reason:Success
2024-08-16 15:01:14,954 [ 1] INFO  Unity: OnLogin:Success [None]
2024-08-16 15:01:15,002 [ 1] INFO  Unity: LoadLevel: CharSelect
2024-08-16 15:01:15,487 [ 1] INFO  Unity: LevelLoadCompleted:1
2024-08-16 15:01:15,495 [ 1] INFO  Unity: SetPosition:(0, 58, 0)
2024-08-16 15:01:18,213 [ 1] INFO  Unity: Select Char:[1]士[Warrior]
2024-08-16 15:01:19,465 [ 1] INFO  Unity: UserGameEnterRequest::characterId :0
2024-08-16 15:01:19,481 [ 1] INFO  Unity: OnGameEnter:Success [None]
2024-08-16 15:01:19,491 [ 1] INFO  Unity: OnMapCharacterEnter:Map:1 Count:1
2024-08-16 15:01:19,492 [ 1] INFO  Unity: AddCharacter:1:士 Map:1 Entity:(0:pos:(5000,4000,820),dir:(100,0,0),spd:0
2024-08-16 15:01:19,494 [ 1] INFO  Unity: LoadLevel: MainCity
2024-08-16 15:01:19,495 [ 1] INFO  Unity: OnMapCharacterEnter:1
2024-08-16 15:01:19,496 [ 1] INFO  Unity: LoadLevel: MainCity
2024-08-16 15:01:20,363 [ 1] INFO  Unity: LevelLoadCompleted:1
2024-08-16 15:01:20,367 [ 1] INFO  Unity: ---Start UIMinimap.cs
2024-08-16 15:01:20,367 [ 1] INFO  Unity: ---before if.cs
2024-08-16 15:01:20,368 [ 1] INFO  Unity: ---Minimap transform (-99.0, -70.0, 0.0)
2024-08-16 15:01:20,368 [ 1] INFO  Unity: ---Minimap transform (0.0, 0.0, 0.0)
2024-08-16 15:01:20,593 [ 1] INFO  Unity: Character_1_士 OnDestroy :ID:0 POS:(5000, 4000, 820) DIR:(100, 0, 0) SPD:0 
2024-08-16 15:01:20,649 [ 1] INFO  Unity: LevelLoadCompleted:1
2024-08-16 15:01:20,654 [ 1] INFO  Unity: ---Start UIMinimap.cs
2024-08-16 15:01:20,654 [ 1] INFO  Unity: ---before if.cs
2024-08-16 15:01:20,654 [ 1] INFO  Unity: ---Minimap transform (-99.0, -70.0, 0.0)
2024-08-16 15:01:20,654 [ 1] INFO  Unity: ---Minimap transform (0.0, 0.0, 0.0)
2024-08-16 15:01:26,771 [ 1] INFO  Unity: SetDirection:(98, -18, 0)
2024-08-16 15:01:26,870 [ 1] INFO  Unity: SetDirection:(94, -35, 0)
2024-08-16 15:01:26,952 [ 1] INFO  Unity: SetDirection:(86, -51, 0)
2024-08-16 15:01:27,035 [ 1] INFO  Unity: SetDirection:(76, -65, 0)
2024-08-16 15:01:27,117 [ 1] INFO  Unity: SetDirection:(63, -77, 0)
2024-08-16 15:01:27,199 [ 1] INFO  Unity: SetDirection:(49, -87, 0)
2024-08-16 15:01:27,298 [ 1] INFO  Unity: SetDirection:(32, -95, 0)
2024-08-16 15:01:27,438 [ 1] INFO  Unity: MoveForward
2024-08-16 15:01:28,254 [ 1] INFO  Unity: SetDirection:(15, -99, 0)
2024-08-16 15:01:28,451 [ 1] INFO  Unity: SetDirection:(-3, -100, 0)
2024-08-16 15:01:28,550 [ 1] INFO  Unity: SetDirection:(-21, -98, 0)
2024-08-16 15:01:28,657 [ 1] INFO  Unity: SetDirection:(-40, -91, 0)
2024-08-16 15:01:28,739 [ 1] INFO  Unity: SetDirection:(-56, -83, 0)
2024-08-16 15:01:28,839 [ 1] INFO  Unity: SetDirection:(-72, -70, 0)
2024-08-16 15:01:28,971 [ 1] INFO  Unity: SetDirection:(-84, -55, 0)
2024-08-16 15:01:30,245 [ 1] INFO  Unity: SetPosition:(4706, 3358, 800)
2024-08-16 15:01:31,207 [ 1] INFO  Unity: SetDirection:(-92, -39, 0)
2024-08-16 15:01:31,397 [ 1] INFO  Unity: SetDirection:(-98, -22, 0)
2024-08-16 15:01:31,495 [ 1] INFO  Unity: SetDirection:(-100, -3, 0)
2024-08-16 15:01:31,578 [ 1] INFO  Unity: SetDirection:(-99, 14, 0)
2024-08-16 15:01:31,677 [ 1] INFO  Unity: SetDirection:(-95, 31, 0)
2024-08-16 15:01:33,579 [ 1] INFO  Unity: SetPosition:(3785, 3350, 801)
2024-08-16 15:01:34,715 [ 1] INFO  Unity: SetDirection:(-88, 47, 0)
2024-08-16 15:01:35,103 [ 1] INFO  Unity: SetDirection:(-77, 63, 0)
2024-08-16 15:01:35,201 [ 1] INFO  Unity: SetDirection:(-65, 76, 0)
2024-08-16 15:01:35,334 [ 1] INFO  Unity: SetDirection:(-50, 86, 0)
2024-08-16 15:01:36,568 [ 1] INFO  Unity: Stop
2024-08-16 15:01:37,869 [ 1] INFO  Unity: SetDirection:(-33, 95, 0)
2024-08-16 15:01:37,926 [ 1] INFO  Unity: MoveForward
2024-08-16 15:01:37,992 [ 1] INFO  Unity: SetDirection:(-13, 99, 0)
2024-08-16 15:01:38,090 [ 1] INFO  Unity: SetDirection:(8, 100, 0)
2024-08-16 15:01:38,189 [ 1] INFO  Unity: SetDirection:(28, 96, 0)
2024-08-16 15:01:38,322 [ 1] INFO  Unity: SetDirection:(45, 89, 0)
2024-08-16 15:01:38,611 [ 1] INFO  Unity: SetPosition:(3168, 4072, 801)
2024-08-16 15:01:40,213 [ 1] INFO  Unity: SetPosition:(3384, 4500, 801)
2024-08-16 15:01:40,607 [ 1] INFO  Unity: SetDirection:(60, 80, 0)
2024-08-16 15:01:42,295 [ 1] INFO  Unity: SetDirection:(73, 68, 0)
2024-08-16 15:01:42,518 [ 1] INFO  Unity: SetDirection:(84, 54, 0)
2024-08-16 15:01:42,616 [ 1] INFO  Unity: SetDirection:(92, 38, 0)
2024-08-16 15:01:42,716 [ 1] INFO  Unity: SetDirection:(98, 18, 0)
2024-08-16 15:01:42,814 [ 1] INFO  Unity: SetDirection:(100, -2, 0)
2024-08-16 15:01:42,913 [ 1] INFO  Unity: SetDirection:(98, -21, 0)
2024-08-16 15:01:43,086 [ 1] INFO  Unity: SetDirection:(93, -38, 0)
2024-08-16 15:01:44,568 [ 1] INFO  Unity: Stop
2024-08-16 15:01:44,683 [ 1] INFO  Unity: MoveForward
2024-08-16 15:01:45,037 [ 1] INFO  Unity: SetPosition:(4463, 4868, 801)
2024-08-16 15:01:45,451 [ 1] INFO  Unity: Stop
2024-08-16 15:01:47,056 [ 1] INFO  Unity: MoveForward
2024-08-16 15:01:47,927 [ 1] INFO  Unity: SetDirection:(84, -54, 0)
2024-08-16 15:01:48,042 [ 1] INFO  Unity: SetDirection:(71, -70, 0)
2024-08-16 15:01:48,124 [ 1] INFO  Unity: SetDirection:(58, -82, 0)
2024-08-16 15:01:48,240 [ 1] INFO  Unity: SetDirection:(41, -91, 0)
2024-08-16 15:01:48,543 [ 1] INFO  Unity: Stop
2024-08-16 15:01:53,740 [ 1] INFO  Unity: MoveForward
2024-08-16 15:01:54,340 [ 1] INFO  Unity: SetDirection:(24, -97, 0)
2024-08-16 15:01:54,957 [ 1] INFO  Unity: SetDirection:(6, -100, 0)
2024-08-16 15:01:55,222 [ 1] INFO  Unity: SetDirection:(-12, -99, 0)
2024-08-16 15:01:56,057 [ 1] INFO  Unity: SetDirection:(-29, -96, 0)
2024-08-16 15:01:56,429 [ 1] INFO  Unity: SetPosition:(4988, 3797, 801)
2024-08-16 15:01:56,659 [ 1] INFO  Unity: SetDirection:(-45, -89, 0)
2024-08-16 15:01:58,199 [ 1] INFO  Unity: SetPosition:(4760, 3319, 800)
2024-08-16 15:01:59,301 [ 1] INFO  Unity: SetDirection:(-61, -79, 0)
2024-08-16 15:02:00,347 [ 1] INFO  Unity: SetDirection:(-75, -67, 0)
2024-08-16 15:02:00,470 [ 1] INFO  Unity: SetDirection:(-86, -51, 0)
2024-08-16 15:02:00,569 [ 1] INFO  Unity: SetDirection:(-95, -32, 0)
2024-08-16 15:02:00,668 [ 1] INFO  Unity: SetDirection:(-99, -12, 0)
2024-08-16 15:02:00,800 [ 1] INFO  Unity: SetDirection:(-100, 7, 0)
2024-08-16 15:02:01,088 [ 1] INFO  Unity: Stop
2024-08-16 15:02:07,383 [ 1] INFO  Unity: MoveForward
2024-08-16 15:02:07,869 [ 1] INFO  Unity: SetDirection:(-97, 24, 0)
2024-08-16 15:02:10,050 [ 1] INFO  Unity: Stop
2024-08-16 15:02:15,365 [ 1] INFO  Unity: MoveForward
2024-08-16 15:02:15,760 [ 1] INFO  Unity: SetDirection:(-91, 41, 0)
2024-08-16 15:02:16,131 [ 1] INFO  Unity: SetDirection:(-83, 56, 0)
2024-08-16 15:02:16,247 [ 1] INFO  Unity: SetDirection:(-71, 70, 0)
2024-08-16 15:02:16,346 [ 1] INFO  Unity: SetDirection:(-55, 83, 0)
2024-08-16 15:02:16,436 [ 1] INFO  Unity: SetDirection:(-40, 92, 0)
2024-08-16 15:02:16,518 [ 1] INFO  Unity: SetDirection:(-23, 97, 0)
2024-08-16 15:02:16,617 [ 1] INFO  Unity: SetDirection:(-3, 100, 0)
2024-08-16 15:02:16,716 [ 1] INFO  Unity: SetDirection:(16, 99, 0)
2024-08-16 15:02:16,914 [ 1] INFO  Unity: SetDirection:(33, 94, 0)
2024-08-16 15:02:17,334 [ 1] INFO  Unity: SetDirection:(14, 99, 0)
2024-08-16 15:02:17,450 [ 1] INFO  Unity: SetDirection:(-5, 100, 0)
2024-08-16 15:02:18,453 [ 1] INFO  Unity: Stop
2024-08-16 15:02:30,708 [ 1] INFO  Unity: OnDestroy NetworkManager.
2024-08-16 15:02:30,709 [ 1] WARN  Unity: CloseConnection(), errorCode: 1007
UnityEngine.Debug:LogWarning(Object)
Network.NetClient:CloseConnection(Int32) (at Assets/Scripts/Network/NetClient.cs:180)
Network.NetClient:OnDestroy() (at Assets/Scripts/Network/NetClient.cs:175)

2024-08-16 15:02:30,713 [ 1] INFO  Unity: Character_1_士 OnDestroy :ID:0 POS:(3190, 3617, 800) DIR:(-5, 100, 0) SPD:0 
